0 info it worked if it ends with ok
1 verbose cli [ '/Users/zhusee2/.nvm/versions/node/v5.0.0/bin/node',
1 verbose cli   '/Users/zhusee2/.nvm/versions/node/v5.0.0/bin/npm',
1 verbose cli   'run',
1 verbose cli   'hots' ]
2 info using npm@3.3.6
3 info using node@v5.0.0
4 verbose run-script [ 'prehots', 'hots', 'posthots' ]
5 info lifecycle gaas.js@1.0.0~prehots: gaas.js@1.0.0
6 silly lifecycle gaas.js@1.0.0~prehots: no script for prehots, continuing
7 info lifecycle gaas.js@1.0.0~hots: gaas.js@1.0.0
8 verbose lifecycle gaas.js@1.0.0~hots: unsafe-perm in lifecycle true
9 verbose lifecycle gaas.js@1.0.0~hots: PATH: /Users/zhusee2/.nvm/versions/node/v5.0.0/lib/node_modules/npm/bin/node-gyp-bin:/Users/zhusee2/Documents/SpoonRocket/gaas.js/node_modules/.bin:/Applications/Postgres.app/Contents/Versions/9.4/bin:/Users/zhusee2/.nvm/versions/node/v5.0.0/bin:/Users/zhusee2/.rvm/gems/ruby-2.2.2/bin:/Users/zhusee2/.rvm/gems/ruby-2.2.2@global/bin:/Users/zhusee2/.rvm/rubies/ruby-2.2.2/bin:/usr/local/bin:/usr/bin:/bin:/usr/sbin:/sbin:/Users/zhusee2/.rvm/bin
10 verbose lifecycle gaas.js@1.0.0~hots: CWD: /Users/zhusee2/Documents/SpoonRocket/gaas.js
11 silly lifecycle gaas.js@1.0.0~hots: Args: [ '-c',
11 silly lifecycle   'webpack-dev-server --hot --inline --content-base build/ --config ./config/webpack.dev.js' ]
12 silly lifecycle gaas.js@1.0.0~hots: Returned: code: 1  signal: null
13 info lifecycle gaas.js@1.0.0~hots: Failed to exec hots script
14 verbose stack Error: gaas.js@1.0.0 hots: `webpack-dev-server --hot --inline --content-base build/ --config ./config/webpack.dev.js`
14 verbose stack Exit status 1
14 verbose stack     at EventEmitter.<anonymous> (/Users/zhusee2/.nvm/versions/node/v5.0.0/lib/node_modules/npm/lib/utils/lifecycle.js:233:16)
14 verbose stack     at emitTwo (events.js:87:13)
14 verbose stack     at EventEmitter.emit (events.js:172:7)
14 verbose stack     at ChildProcess.<anonymous> (/Users/zhusee2/.nvm/versions/node/v5.0.0/lib/node_modules/npm/lib/utils/spawn.js:24:14)
14 verbose stack     at emitTwo (events.js:87:13)
14 verbose stack     at ChildProcess.emit (events.js:172:7)
14 verbose stack     at maybeClose (internal/child_process.js:818:16)
14 verbose stack     at Process.ChildProcess._handle.onexit (internal/child_process.js:211:5)
15 verbose pkgid gaas.js@1.0.0
16 verbose cwd /Users/zhusee2/Documents/SpoonRocket/gaas.js
17 error Darwin 15.2.0
18 error argv "/Users/zhusee2/.nvm/versions/node/v5.0.0/bin/node" "/Users/zhusee2/.nvm/versions/node/v5.0.0/bin/npm" "run" "hots"
19 error node v5.0.0
20 error npm  v3.3.6
21 error code ELIFECYCLE
22 error gaas.js@1.0.0 hots: `webpack-dev-server --hot --inline --content-base build/ --config ./config/webpack.dev.js`
22 error Exit status 1
23 error Failed at the gaas.js@1.0.0 hots script 'webpack-dev-server --hot --inline --content-base build/ --config ./config/webpack.dev.js'.
23 error This is most likely a problem with the gaas.js package,
23 error not with npm itself.
23 error Tell the author that this fails on your system:
23 error     webpack-dev-server --hot --inline --content-base build/ --config ./config/webpack.dev.js
23 error You can get their info via:
23 error     npm owner ls gaas.js
23 error There is likely additional logging output above.
24 verbose exit [ 1, true ]
